<?xml version="1.0" encoding="UTF-8"?>
<!-- Generated by org.testng.reporters.JUnitReportReporter -->
<testsuite skipped="0" hostname="Nityas-MacBook-Air.local" name="qaclickacademy.AppiumTest" tests="1" failures="0" timestamp="2019-08-27T15:07:03 IST" time="0.008" errors="0">
  <testcase name="IOSApps" time="0.008" classname="qaclickacademy.AppiumTest"/>
</testsuite> <!-- qaclickacademy.AppiumTest -->
